# JRE version: OpenJDK Runtime Environment (8.0_202-b03) (build 1.8.0_202-release-1483-b03)
# Java VM: OpenJDK 64-Bit Server VM (25.202-b03 mixed mode windows-amd64 compressed oops)
Heap:
 PSYoungGen      total 476672K, used 285871K [0x00000000e0000000, 0x00000000ffe80000, 0x0000000100000000)
  eden space 433664K, 65% used [0x00000000e0000000,0x00000000f172bea0,0x00000000fa780000)
  from space 43008K, 0% used [0x00000000fa780000,0x00000000fa780000,0x00000000fd180000)
  to   space 44544K, 0% used [0x00000000fd300000,0x00000000fd300000,0x00000000ffe80000)
 ParOldGen       total 125952K, used 63283K [0x00000000a0000000, 0x00000000a7b00000, 0x00000000e0000000)
  object space 125952K, 50% used [0x00000000a0000000,0x00000000a3dccd18,0x00000000a7b00000)
 Metaspace       used 105091K, capacity 110578K, committed 115160K, reserved 1148928K
  class space    used 12956K, capacity 13887K, committed 15104K, reserved 1048576K
GC Heap History (10 events):
Event: 26768.953 GC heap before
{Heap before GC invocations=62 (full 9):
 PSYoungGen      total 479232K, used 460630K [0x00000000e0000000, 0x0000000100000000, 0x0000000100000000)
  eden space 433664K, 100% used [0x00000000e0000000,0x00000000fa780000,0x00000000fa780000)
  from space 45568K, 59% used [0x00000000fd380000,0x00000000fedd5ab8,0x0000000100000000)
  to   space 45056K, 0% used [0x00000000fa780000,0x00000000fa780000,0x00000000fd380000)
 ParOldGen       total 125952K, used 65762K [0x00000000a0000000, 0x00000000a7b00000, 0x00000000e0000000)
  object space 125952K, 52% used [0x00000000a0000000,0x00000000a40389e8,0x00000000a7b00000)
 Metaspace       used 106211K, capacity 112302K, committed 115160K, reserved 1148928K
  class space    used 13156K, capacity 14185K, committed 15104K, reserved 1048576K
Event: 26769.077 GC heap after
Heap after GC invocations=62 (full 9):
 PSYoungGen      total 456704K, used 22528K [0x00000000e0000000, 0x00000000ffb80000, 0x0000000100000000)
  eden space 433664K, 0% used [0x00000000e0000000,0x00000000e0000000,0x00000000fa780000)
  from space 23040K, 97% used [0x00000000fa780000,0x00000000fbd80198,0x00000000fbe00000)
  to   space 43008K, 0% used [0x00000000fd180000,0x00000000fd180000,0x00000000ffb80000)
 ParOldGen       total 125952K, used 65770K [0x00000000a0000000, 0x00000000a7b00000, 0x00000000e0000000)
  object space 125952K, 52% used [0x00000000a0000000,0x00000000a403a9e8,0x00000000a7b00000)
 Metaspace       used 106211K, capacity 112302K, committed 115160K, reserved 1148928K
  class space    used 13156K, capacity 14185K, committed 15104K, reserved 1048576K
}
Event: 28102.854 GC heap before
{Heap before GC invocations=63 (full 9):
 PSYoungGen      total 456704K, used 141100K [0x00000000e0000000, 0x00000000ffb80000, 0x0000000100000000)
  eden space 433664K, 27% used [0x00000000e0000000,0x00000000e73cb080,0x00000000fa780000)
  from space 23040K, 97% used [0x00000000fa780000,0x00000000fbd80198,0x00000000fbe00000)
  to   space 43008K, 0% used [0x00000000fd180000,0x00000000fd180000,0x00000000ffb80000)
 ParOldGen       total 125952K, used 65770K [0x00000000a0000000, 0x00000000a7b00000, 0x00000000e0000000)
  object space 125952K, 52% used [0x00000000a0000000,0x00000000a403a9e8,0x00000000a7b00000)
 Metaspace       used 106230K, capacity 112332K, committed 115160K, reserved 1148928K
  class space    used 13159K, capacity 14190K, committed 15104K, reserved 1048576K
Event: 28103.174 GC heap after
Heap after GC invocations=63 (full 9):
 PSYoungGen      total 476672K, used 13584K [0x00000000e0000000, 0x00000000ffb80000, 0x0000000100000000)
  eden space 433664K, 0% used [0x00000000e0000000,0x00000000e0000000,0x00000000fa780000)
  from space 43008K, 31% used [0x00000000fd180000,0x00000000fdec4148,0x00000000ffb80000)
  to   space 43008K, 0% used [0x00000000fa780000,0x00000000fa780000,0x00000000fd180000)
 ParOldGen       total 125952K, used 65778K [0x00000000a0000000, 0x00000000a7b00000, 0x00000000e0000000)
  object space 125952K, 52% used [0x00000000a0000000,0x00000000a403c9e8,0x00000000a7b00000)
 Metaspace       used 106230K, capacity 112332K, committed 115160K, reserved 1148928K
  class space    used 13159K, capacity 14190K, committed 15104K, reserved 1048576K
}
Event: 28103.174 GC heap before
{Heap before GC invocations=64 (full 10):
 PSYoungGen      total 476672K, used 13584K [0x00000000e0000000, 0x00000000ffb80000, 0x0000000100000000)
  eden space 433664K, 0% used [0x00000000e0000000,0x00000000e0000000,0x00000000fa780000)
  from space 43008K, 31% used [0x00000000fd180000,0x00000000fdec4148,0x00000000ffb80000)
  to   space 43008K, 0% used [0x00000000fa780000,0x00000000fa780000,0x00000000fd180000)
 ParOldGen       total 125952K, used 65778K [0x00000000a0000000, 0x00000000a7b00000, 0x00000000e0000000)
  object space 125952K, 52% used [0x00000000a0000000,0x00000000a403c9e8,0x00000000a7b00000)
 Metaspace       used 106230K, capacity 112332K, committed 115160K, reserved 1148928K
  class space    used 13159K, capacity 14190K, committed 15104K, reserved 1048576K
Event: 28105.555 GC heap after
Heap after GC invocations=64 (full 10):
 PSYoungGen      total 476672K, used 0K [0x00000000e0000000, 0x00000000ffb80000, 0x0000000100000000)
  eden space 433664K, 0% used [0x00000000e0000000,0x00000000e0000000,0x00000000fa780000)
  from space 43008K, 0% used [0x00000000fd180000,0x00000000fd180000,0x00000000ffb80000)
  to   space 43008K, 0% used [0x00000000fa780000,0x00000000fa780000,0x00000000fd180000)
 ParOldGen       total 125952K, used 65986K [0x00000000a0000000, 0x00000000a7b00000, 0x00000000e0000000)
  object space 125952K, 52% used [0x00000000a0000000,0x00000000a40708d8,0x00000000a7b00000)
 Metaspace       used 105639K, capacity 111234K, committed 115160K, reserved 1148928K
  class space    used 13044K, capacity 13986K, committed 15104K, reserved 1048576K
}
Event: 31705.583 GC heap before
{Heap before GC invocations=65 (full 10):
 PSYoungGen      total 476672K, used 31645K [0x00000000e0000000, 0x00000000ffb80000, 0x0000000100000000)
  eden space 433664K, 7% used [0x00000000e0000000,0x00000000e1ee74c8,0x00000000fa780000)
  from space 43008K, 0% used [0x00000000fd180000,0x00000000fd180000,0x00000000ffb80000)
  to   space 43008K, 0% used [0x00000000fa780000,0x00000000fa780000,0x00000000fd180000)
 ParOldGen       total 125952K, used 65986K [0x00000000a0000000, 0x00000000a7b00000, 0x00000000e0000000)
  object space 125952K, 52% used [0x00000000a0000000,0x00000000a40708d8,0x00000000a7b00000)
 Metaspace       used 105639K, capacity 111234K, committed 115160K, reserved 1148928K
  class space    used 13044K, capacity 13986K, committed 15104K, reserved 1048576K
Event: 31705.996 GC heap after
Heap after GC invocations=65 (full 10):
 PSYoungGen      total 476672K, used 224K [0x00000000e0000000, 0x00000000ffe80000, 0x0000000100000000)
  eden space 433664K, 0% used [0x00000000e0000000,0x00000000e0000000,0x00000000fa780000)
  from space 43008K, 0% used [0x00000000fa780000,0x00000000fa7b8000,0x00000000fd180000)
  to   space 44544K, 0% used [0x00000000fd300000,0x00000000fd300000,0x00000000ffe80000)
 ParOldGen       total 125952K, used 65986K [0x00000000a0000000, 0x00000000a7b00000, 0x00000000e0000000)
  object space 125952K, 52% used [0x00000000a0000000,0x00000000a40708d8,0x00000000a7b00000)
 Metaspace       used 105639K, capacity 111234K, committed 115160K, reserved 1148928K
  class space    used 13044K, capacity 13986K, committed 15104K, reserved 1048576K
}
Event: 31705.996 GC heap before
{Heap before GC invocations=66 (full 11):
 PSYoungGen      total 476672K, used 224K [0x00000000e0000000, 0x00000000ffe80000, 0x0000000100000000)
  eden space 433664K, 0% used [0x00000000e0000000,0x00000000e0000000,0x00000000fa780000)
  from space 43008K, 0% used [0x00000000fa780000,0x00000000fa7b8000,0x00000000fd180000)
  to   space 44544K, 0% used [0x00000000fd300000,0x00000000fd300000,0x00000000ffe80000)
 ParOldGen       total 125952K, used 65986K [0x00000000a0000000, 0x00000000a7b00000, 0x00000000e0000000)
  object space 125952K, 52% used [0x00000000a0000000,0x00000000a40708d8,0x00000000a7b00000)
 Metaspace       used 105639K, capacity 111234K, committed 115160K, reserved 1148928K
  class space    used 13044K, capacity 13986K, committed 15104K, reserved 1048576K
Event: 31717.804 GC heap after
Heap after GC invocations=66 (full 11):
 PSYoungGen      total 476672K, used 0K [0x00000000e0000000, 0x00000000ffe80000, 0x0000000100000000)
  eden space 433664K, 0% used [0x00000000e0000000,0x00000000e0000000,0x00000000fa780000)
  from space 43008K, 0% used [0x00000000fa780000,0x00000000fa780000,0x00000000fd180000)
  to   space 44544K, 0% used [0x00000000fd300000,0x00000000fd300000,0x00000000ffe80000)
 ParOldGen       total 125952K, used 63283K [0x00000000a0000000, 0x00000000a7b00000, 0x00000000e0000000)
  object space 125952K, 50% used [0x00000000a0000000,0x00000000a3dccd18,0x00000000a7b00000)
 Metaspace       used 104594K, capacity 109778K, committed 115160K, reserved 1148928K
  class space    used 12869K, capacity 13734K, committed 15104K, reserved 1048576K
}

