# JRE version: OpenJDK Runtime Environment (8.0_202-b03) (build 1.8.0_202-release-1483-b03)
# Java VM: OpenJDK 64-Bit Server VM (25.202-b03 mixed mode windows-amd64 compressed oops)
Heap:
 PSYoungGen      total 375808K, used 32216K [0x00000000e0000000, 0x00000000ff980000, 0x0000000100000000)
  eden space 248320K, 4% used [0x00000000e0000000,0x00000000e0bc6028,0x00000000ef280000)
  from space 127488K, 15% used [0x00000000f6880000,0x00000000f7c303c8,0x00000000fe500000)
  to   space 120832K, 0% used [0x00000000ef280000,0x00000000ef280000,0x00000000f6880000)
 ParOldGen       total 420352K, used 104206K [0x00000000a0000000, 0x00000000b9a80000, 0x00000000e0000000)
  object space 420352K, 24% used [0x00000000a0000000,0x00000000a65c3850,0x00000000b9a80000)
 Metaspace       used 237121K, capacity 246266K, committed 256856K, reserved 1273856K
  class space    used 29016K, capacity 30699K, committed 32896K, reserved 1048576K
GC Heap History (10 events):
Event: 14975.961 GC heap before
{Heap before GC invocations=202 (full 17):
 PSYoungGen      total 374784K, used 246361K [0x00000000e0000000, 0x00000000ffb00000, 0x0000000100000000)
  eden space 233472K, 100% used [0x00000000e0000000,0x00000000ee400000,0x00000000ee400000)
  from space 141312K, 9% used [0x00000000f7100000,0x00000000f7d96518,0x00000000ffb00000)
  to   space 142848K, 0% used [0x00000000ee400000,0x00000000ee400000,0x00000000f6f80000)
 ParOldGen       total 420352K, used 281983K [0x00000000a0000000, 0x00000000b9a80000, 0x00000000e0000000)
  object space 420352K, 67% used [0x00000000a0000000,0x00000000b135ffa8,0x00000000b9a80000)
 Metaspace       used 225048K, capacity 237936K, committed 239704K, reserved 1257472K
  class space    used 27904K, capacity 30232K, committed 30848K, reserved 1048576K
Event: 14976.143 GC heap after
Heap after GC invocations=202 (full 17):
 PSYoungGen      total 376320K, used 2866K [0x00000000e0000000, 0x00000000ffb80000, 0x0000000100000000)
  eden space 233472K, 0% used [0x00000000e0000000,0x00000000e0000000,0x00000000ee400000)
  from space 142848K, 2% used [0x00000000ee400000,0x00000000ee6ccac0,0x00000000f6f80000)
  to   space 139776K, 0% used [0x00000000f7300000,0x00000000f7300000,0x00000000ffb80000)
 ParOldGen       total 420352K, used 283663K [0x00000000a0000000, 0x00000000b9a80000, 0x00000000e0000000)
  object space 420352K, 67% used [0x00000000a0000000,0x00000000b1503fa8,0x00000000b9a80000)
 Metaspace       used 225048K, capacity 237936K, committed 239704K, reserved 1257472K
  class space    used 27904K, capacity 30232K, committed 30848K, reserved 1048576K
}
Event: 16075.914 GC heap before
{Heap before GC invocations=203 (full 17):
 PSYoungGen      total 376320K, used 236338K [0x00000000e0000000, 0x00000000ffb80000, 0x0000000100000000)
  eden space 233472K, 100% used [0x00000000e0000000,0x00000000ee400000,0x00000000ee400000)
  from space 142848K, 2% used [0x00000000ee400000,0x00000000ee6ccac0,0x00000000f6f80000)
  to   space 139776K, 0% used [0x00000000f7300000,0x00000000f7300000,0x00000000ffb80000)
 ParOldGen       total 420352K, used 283663K [0x00000000a0000000, 0x00000000b9a80000, 0x00000000e0000000)
  object space 420352K, 67% used [0x00000000a0000000,0x00000000b1503fa8,0x00000000b9a80000)
 Metaspace       used 238008K, capacity 251762K, committed 252632K, reserved 1269760K
  class space    used 29681K, capacity 32190K, committed 32512K, reserved 1048576K
Event: 16076.768 GC heap after
Heap after GC invocations=203 (full 17):
 PSYoungGen      total 366592K, used 27595K [0x00000000e0000000, 0x00000000fed00000, 0x0000000100000000)
  eden space 241664K, 0% used [0x00000000e0000000,0x00000000e0000000,0x00000000eec00000)
  from space 124928K, 22% used [0x00000000f7300000,0x00000000f8df2de0,0x00000000fed00000)
  to   space 131584K, 0% used [0x00000000eec00000,0x00000000eec00000,0x00000000f6c80000)
 ParOldGen       total 420352K, used 284223K [0x00000000a0000000, 0x00000000b9a80000, 0x00000000e0000000)
  object space 420352K, 67% used [0x00000000a0000000,0x00000000b158ffe8,0x00000000b9a80000)
 Metaspace       used 238008K, capacity 251762K, committed 252632K, reserved 1269760K
  class space    used 29681K, capacity 32190K, committed 32512K, reserved 1048576K
}
Event: 16657.740 GC heap before
{Heap before GC invocations=204 (full 17):
 PSYoungGen      total 366592K, used 141515K [0x00000000e0000000, 0x00000000fed00000, 0x0000000100000000)
  eden space 241664K, 47% used [0x00000000e0000000,0x00000000e6f3ff30,0x00000000eec00000)
  from space 124928K, 22% used [0x00000000f7300000,0x00000000f8df2de0,0x00000000fed00000)
  to   space 131584K, 0% used [0x00000000eec00000,0x00000000eec00000,0x00000000f6c80000)
 ParOldGen       total 420352K, used 284223K [0x00000000a0000000, 0x00000000b9a80000, 0x00000000e0000000)
  object space 420352K, 67% used [0x00000000a0000000,0x00000000b158ffe8,0x00000000b9a80000)
 Metaspace       used 242082K, capacity 255942K, committed 256856K, reserved 1273856K
  class space    used 30048K, capacity 32616K, committed 32896K, reserved 1048576K
Event: 16659.127 GC heap after
Heap after GC invocations=204 (full 17):
 PSYoungGen      total 251904K, used 10030K [0x00000000e0000000, 0x00000000fe500000, 0x0000000100000000)
  eden space 241664K, 0% used [0x00000000e0000000,0x00000000e0000000,0x00000000eec00000)
  from space 10240K, 97% used [0x00000000eec00000,0x00000000ef5cb9e8,0x00000000ef600000)
  to   space 127488K, 0% used [0x00000000f6880000,0x00000000f6880000,0x00000000fe500000)
 ParOldGen       total 420352K, used 294900K [0x00000000a0000000, 0x00000000b9a80000, 0x00000000e0000000)
  object space 420352K, 70% used [0x00000000a0000000,0x00000000b1ffd270,0x00000000b9a80000)
 Metaspace       used 242082K, capacity 255942K, committed 256856K, reserved 1273856K
  class space    used 30048K, capacity 32616K, committed 32896K, reserved 1048576K
}
Event: 16659.127 GC heap before
{Heap before GC invocations=205 (full 18):
 PSYoungGen      total 251904K, used 10030K [0x00000000e0000000, 0x00000000fe500000, 0x0000000100000000)
  eden space 241664K, 0% used [0x00000000e0000000,0x00000000e0000000,0x00000000eec00000)
  from space 10240K, 97% used [0x00000000eec00000,0x00000000ef5cb9e8,0x00000000ef600000)
  to   space 127488K, 0% used [0x00000000f6880000,0x00000000f6880000,0x00000000fe500000)
 ParOldGen       total 420352K, used 294900K [0x00000000a0000000, 0x00000000b9a80000, 0x00000000e0000000)
  object space 420352K, 70% used [0x00000000a0000000,0x00000000b1ffd270,0x00000000b9a80000)
 Metaspace       used 242082K, capacity 255942K, committed 256856K, reserved 1273856K
  class space    used 30048K, capacity 32616K, committed 32896K, reserved 1048576K
Event: 16679.102 GC heap after
Heap after GC invocations=205 (full 18):
 PSYoungGen      total 251904K, used 0K [0x00000000e0000000, 0x00000000fe500000, 0x0000000100000000)
  eden space 241664K, 0% used [0x00000000e0000000,0x00000000e0000000,0x00000000eec00000)
  from space 10240K, 0% used [0x00000000eec00000,0x00000000eec00000,0x00000000ef600000)
  to   space 127488K, 0% used [0x00000000f6880000,0x00000000f6880000,0x00000000fe500000)
 ParOldGen       total 420352K, used 104206K [0x00000000a0000000, 0x00000000b9a80000, 0x00000000e0000000)
  object space 420352K, 24% used [0x00000000a0000000,0x00000000a65c3850,0x00000000b9a80000)
 Metaspace       used 235922K, capacity 244842K, committed 256856K, reserved 1273856K
  class space    used 28811K, capacity 30452K, committed 32896K, reserved 1048576K
}
Event: 17713.851 GC heap before
{Heap before GC invocations=206 (full 18):
 PSYoungGen      total 251904K, used 241664K [0x00000000e0000000, 0x00000000fe500000, 0x0000000100000000)
  eden space 241664K, 100% used [0x00000000e0000000,0x00000000eec00000,0x00000000eec00000)
  from space 10240K, 0% used [0x00000000eec00000,0x00000000eec00000,0x00000000ef600000)
  to   space 127488K, 0% used [0x00000000f6880000,0x00000000f6880000,0x00000000fe500000)
 ParOldGen       total 420352K, used 104206K [0x00000000a0000000, 0x00000000b9a80000, 0x00000000e0000000)
  object space 420352K, 24% used [0x00000000a0000000,0x00000000a65c3850,0x00000000b9a80000)
 Metaspace       used 236950K, capacity 246136K, committed 256856K, reserved 1273856K
  class space    used 28994K, capacity 30698K, committed 32896K, reserved 1048576K
Event: 17715.294 GC heap after
Heap after GC invocations=206 (full 18):
 PSYoungGen      total 375808K, used 20160K [0x00000000e0000000, 0x00000000ff980000, 0x0000000100000000)
  eden space 248320K, 0% used [0x00000000e0000000,0x00000000e0000000,0x00000000ef280000)
  from space 127488K, 15% used [0x00000000f6880000,0x00000000f7c303c8,0x00000000fe500000)
  to   space 120832K, 0% used [0x00000000ef280000,0x00000000ef280000,0x00000000f6880000)
 ParOldGen       total 420352K, used 104206K [0x00000000a0000000, 0x00000000b9a80000, 0x00000000e0000000)
  object space 420352K, 24% used [0x00000000a0000000,0x00000000a65c3850,0x00000000b9a80000)
 Metaspace       used 236950K, capacity 246136K, committed 256856K, reserved 1273856K
  class space    used 28994K, capacity 30698K, committed 32896K, reserved 1048576K
}

