# JRE version: OpenJDK Runtime Environment (8.0_202-b03) (build 1.8.0_202-release-1483-b03)
# Java VM: OpenJDK 64-Bit Server VM (25.202-b03 mixed mode windows-amd64 compressed oops)
Heap:
 PSYoungGen      total 442368K, used 326748K [0x00000000e0000000, 0x0000000100000000, 0x0000000100000000)
  eden space 355328K, 82% used [0x00000000e0000000,0x00000000f1fba848,0x00000000f5b00000)
  from space 87040K, 36% used [0x00000000fab00000,0x00000000fca5ca98,0x0000000100000000)
  to   space 81920K, 0% used [0x00000000f5b00000,0x00000000f5b00000,0x00000000fab00000)
 ParOldGen       total 139264K, used 63600K [0x00000000a0000000, 0x00000000a8800000, 0x00000000e0000000)
  object space 139264K, 45% used [0x00000000a0000000,0x00000000a3e1c1d0,0x00000000a8800000)
 Metaspace       used 136722K, capacity 142630K, committed 149208K, reserved 1179648K
  class space    used 16856K, capacity 17967K, committed 19200K, reserved 1048576K
GC Heap History (10 events):
Event: 14492.800 GC heap before
{Heap before GC invocations=57 (full 7):
 PSYoungGen      total 436224K, used 316974K [0x00000000e0000000, 0x0000000100000000, 0x0000000100000000)
  eden space 348160K, 83% used [0x00000000e0000000,0x00000000f1ac8f80,0x00000000f5400000)
  from space 88064K, 31% used [0x00000000f5400000,0x00000000f6ec28d0,0x00000000faa00000)
  to   space 85504K, 0% used [0x00000000fac80000,0x00000000fac80000,0x0000000100000000)
 ParOldGen       total 139264K, used 89791K [0x00000000a0000000, 0x00000000a8800000, 0x00000000e0000000)
  object space 139264K, 64% used [0x00000000a0000000,0x00000000a57afe78,0x00000000a8800000)
 Metaspace       used 137058K, capacity 146432K, committed 146776K, reserved 1177600K
  class space    used 17316K, capacity 19010K, committed 19072K, reserved 1048576K
Event: 14492.865 GC heap after
Heap after GC invocations=57 (full 7):
 PSYoungGen      total 438784K, used 12870K [0x00000000e0000000, 0x0000000100000000, 0x0000000100000000)
  eden space 353280K, 0% used [0x00000000e0000000,0x00000000e0000000,0x00000000f5900000)
  from space 85504K, 15% used [0x00000000fac80000,0x00000000fb911808,0x0000000100000000)
  to   space 85504K, 0% used [0x00000000f5900000,0x00000000f5900000,0x00000000fac80000)
 ParOldGen       total 139264K, used 92852K [0x00000000a0000000, 0x00000000a8800000, 0x00000000e0000000)
  object space 139264K, 66% used [0x00000000a0000000,0x00000000a5aad258,0x00000000a8800000)
 Metaspace       used 137058K, capacity 146432K, committed 146776K, reserved 1177600K
  class space    used 17316K, capacity 19010K, committed 19072K, reserved 1048576K
}
Event: 14492.865 GC heap before
{Heap before GC invocations=58 (full 8):
 PSYoungGen      total 438784K, used 12870K [0x00000000e0000000, 0x0000000100000000, 0x0000000100000000)
  eden space 353280K, 0% used [0x00000000e0000000,0x00000000e0000000,0x00000000f5900000)
  from space 85504K, 15% used [0x00000000fac80000,0x00000000fb911808,0x0000000100000000)
  to   space 85504K, 0% used [0x00000000f5900000,0x00000000f5900000,0x00000000fac80000)
 ParOldGen       total 139264K, used 92852K [0x00000000a0000000, 0x00000000a8800000, 0x00000000e0000000)
  object space 139264K, 66% used [0x00000000a0000000,0x00000000a5aad258,0x00000000a8800000)
 Metaspace       used 137058K, capacity 146432K, committed 146776K, reserved 1177600K
  class space    used 17316K, capacity 19010K, committed 19072K, reserved 1048576K
Event: 14495.685 GC heap after
Heap after GC invocations=58 (full 8):
 PSYoungGen      total 438784K, used 0K [0x00000000e0000000, 0x0000000100000000, 0x0000000100000000)
  eden space 353280K, 0% used [0x00000000e0000000,0x00000000e0000000,0x00000000f5900000)
  from space 85504K, 0% used [0x00000000fac80000,0x00000000fac80000,0x0000000100000000)
  to   space 85504K, 0% used [0x00000000f5900000,0x00000000f5900000,0x00000000fac80000)
 ParOldGen       total 139264K, used 96252K [0x00000000a0000000, 0x00000000a8800000, 0x00000000e0000000)
  object space 139264K, 69% used [0x00000000a0000000,0x00000000a5dff1e0,0x00000000a8800000)
 Metaspace       used 136586K, capacity 145478K, committed 146776K, reserved 1177600K
  class space    used 17230K, capacity 18814K, committed 19072K, reserved 1048576K
}
Event: 18095.688 GC heap before
{Heap before GC invocations=59 (full 8):
 PSYoungGen      total 438784K, used 31435K [0x00000000e0000000, 0x0000000100000000, 0x0000000100000000)
  eden space 353280K, 8% used [0x00000000e0000000,0x00000000e1eb2f08,0x00000000f5900000)
  from space 85504K, 0% used [0x00000000fac80000,0x00000000fac80000,0x0000000100000000)
  to   space 85504K, 0% used [0x00000000f5900000,0x00000000f5900000,0x00000000fac80000)
 ParOldGen       total 139264K, used 96252K [0x00000000a0000000, 0x00000000a8800000, 0x00000000e0000000)
  object space 139264K, 69% used [0x00000000a0000000,0x00000000a5dff1e0,0x00000000a8800000)
 Metaspace       used 136588K, capacity 145478K, committed 146776K, reserved 1177600K
  class space    used 17232K, capacity 18814K, committed 19072K, reserved 1048576K
Event: 18096.295 GC heap after
Heap after GC invocations=59 (full 8):
 PSYoungGen      total 353792K, used 256K [0x00000000e0000000, 0x0000000100000000, 0x0000000100000000)
  eden space 353280K, 0% used [0x00000000e0000000,0x00000000e0000000,0x00000000f5900000)
  from space 512K, 50% used [0x00000000f5900000,0x00000000f5940000,0x00000000f5980000)
  to   space 87040K, 0% used [0x00000000fab00000,0x00000000fab00000,0x0000000100000000)
 ParOldGen       total 139264K, used 96252K [0x00000000a0000000, 0x00000000a8800000, 0x00000000e0000000)
  object space 139264K, 69% used [0x00000000a0000000,0x00000000a5dff1e0,0x00000000a8800000)
 Metaspace       used 136588K, capacity 145478K, committed 146776K, reserved 1177600K
  class space    used 17232K, capacity 18814K, committed 19072K, reserved 1048576K
}
Event: 18096.295 GC heap before
{Heap before GC invocations=60 (full 9):
 PSYoungGen      total 353792K, used 256K [0x00000000e0000000, 0x0000000100000000, 0x0000000100000000)
  eden space 353280K, 0% used [0x00000000e0000000,0x00000000e0000000,0x00000000f5900000)
  from space 512K, 50% used [0x00000000f5900000,0x00000000f5940000,0x00000000f5980000)
  to   space 87040K, 0% used [0x00000000fab00000,0x00000000fab00000,0x0000000100000000)
 ParOldGen       total 139264K, used 96252K [0x00000000a0000000, 0x00000000a8800000, 0x00000000e0000000)
  object space 139264K, 69% used [0x00000000a0000000,0x00000000a5dff1e0,0x00000000a8800000)
 Metaspace       used 136588K, capacity 145478K, committed 146776K, reserved 1177600K
  class space    used 17232K, capacity 18814K, committed 19072K, reserved 1048576K
Event: 18104.228 GC heap after
Heap after GC invocations=60 (full 9):
 PSYoungGen      total 353792K, used 0K [0x00000000e0000000, 0x0000000100000000, 0x0000000100000000)
  eden space 353280K, 0% used [0x00000000e0000000,0x00000000e0000000,0x00000000f5900000)
  from space 512K, 0% used [0x00000000f5900000,0x00000000f5900000,0x00000000f5980000)
  to   space 87040K, 0% used [0x00000000fab00000,0x00000000fab00000,0x0000000100000000)
 ParOldGen       total 139264K, used 63592K [0x00000000a0000000, 0x00000000a8800000, 0x00000000e0000000)
  object space 139264K, 45% used [0x00000000a0000000,0x00000000a3e1a1d0,0x00000000a8800000)
 Metaspace       used 129899K, capacity 135078K, committed 146776K, reserved 1177600K
  class space    used 16017K, capacity 16968K, committed 19072K, reserved 1048576K
}
Event: 19051.420 GC heap before
{Heap before GC invocations=61 (full 9):
 PSYoungGen      total 353792K, used 353280K [0x00000000e0000000, 0x0000000100000000, 0x0000000100000000)
  eden space 353280K, 100% used [0x00000000e0000000,0x00000000f5900000,0x00000000f5900000)
  from space 512K, 0% used [0x00000000f5900000,0x00000000f5900000,0x00000000f5980000)
  to   space 87040K, 0% used [0x00000000fab00000,0x00000000fab00000,0x0000000100000000)
 ParOldGen       total 139264K, used 63592K [0x00000000a0000000, 0x00000000a8800000, 0x00000000e0000000)
  object space 139264K, 45% used [0x00000000a0000000,0x00000000a3e1a1d0,0x00000000a8800000)
 Metaspace       used 131490K, capacity 137046K, committed 146776K, reserved 1177600K
  class space    used 16219K, capacity 17253K, committed 19072K, reserved 1048576K
Event: 19051.818 GC heap after
Heap after GC invocations=61 (full 9):
 PSYoungGen      total 442368K, used 32114K [0x00000000e0000000, 0x0000000100000000, 0x0000000100000000)
  eden space 355328K, 0% used [0x00000000e0000000,0x00000000e0000000,0x00000000f5b00000)
  from space 87040K, 36% used [0x00000000fab00000,0x00000000fca5ca98,0x0000000100000000)
  to   space 81920K, 0% used [0x00000000f5b00000,0x00000000f5b00000,0x00000000fab00000)
 ParOldGen       total 139264K, used 63600K [0x00000000a0000000, 0x00000000a8800000, 0x00000000e0000000)
  object space 139264K, 45% used [0x00000000a0000000,0x00000000a3e1c1d0,0x00000000a8800000)
 Metaspace       used 131490K, capacity 137046K, committed 146776K, reserved 1177600K
  class space    used 16219K, capacity 17253K, committed 19072K, reserved 1048576K
}

