# JRE version: OpenJDK Runtime Environment (8.0_202-b03) (build 1.8.0_202-release-1483-b03)
# Java VM: OpenJDK 64-Bit Server VM (25.202-b03 mixed mode windows-amd64 compressed oops)
Heap:
 PSYoungGen      total 173056K, used 54118K [0x00000000e0000000, 0x00000000edc80000, 0x0000000100000000)
  eden space 155648K, 34% used [0x00000000e0000000,0x00000000e34d9b00,0x00000000e9800000)
  from space 17408K, 0% used [0x00000000e9800000,0x00000000e9800000,0x00000000ea900000)
  to   space 17920K, 0% used [0x00000000ecb00000,0x00000000ecb00000,0x00000000edc80000)
 ParOldGen       total 94720K, used 34257K [0x00000000a0000000, 0x00000000a5c80000, 0x00000000e0000000)
  object space 94720K, 36% used [0x00000000a0000000,0x00000000a21745f0,0x00000000a5c80000)
 Metaspace       used 59986K, capacity 61790K, committed 62080K, reserved 1103872K
  class space    used 8097K, capacity 8521K, committed 8576K, reserved 1048576K
GC Heap History (10 events):
Event: 7.846 GC heap before
{Heap before GC invocations=12 (full 2):
 PSYoungGen      total 139264K, used 9648K [0x00000000e0000000, 0x00000000ebd00000, 0x0000000100000000)
  eden space 126976K, 0% used [0x00000000e0000000,0x00000000e0000000,0x00000000e7c00000)
  from space 12288K, 78% used [0x00000000e8900000,0x00000000e926c010,0x00000000e9500000)
  to   space 13312K, 0% used [0x00000000e7c00000,0x00000000e7c00000,0x00000000e8900000)
 ParOldGen       total 38912K, used 12629K [0x00000000a0000000, 0x00000000a2600000, 0x00000000e0000000)
  object space 38912K, 32% used [0x00000000a0000000,0x00000000a0c556c8,0x00000000a2600000)
 Metaspace       used 34681K, capacity 35418K, committed 35456K, reserved 1079296K
  class space    used 4771K, capacity 4986K, committed 4992K, reserved 1048576K
Event: 7.956 GC heap after
Heap after GC invocations=12 (full 2):
 PSYoungGen      total 139264K, used 0K [0x00000000e0000000, 0x00000000ebd00000, 0x0000000100000000)
  eden space 126976K, 0% used [0x00000000e0000000,0x00000000e0000000,0x00000000e7c00000)
  from space 12288K, 0% used [0x00000000e8900000,0x00000000e8900000,0x00000000e9500000)
  to   space 13312K, 0% used [0x00000000e7c00000,0x00000000e7c00000,0x00000000e8900000)
 ParOldGen       total 57856K, used 16686K [0x00000000a0000000, 0x00000000a3880000, 0x00000000e0000000)
  object space 57856K, 28% used [0x00000000a0000000,0x00000000a104bb08,0x00000000a3880000)
 Metaspace       used 34677K, capacity 35406K, committed 35456K, reserved 1079296K
  class space    used 4770K, capacity 4984K, committed 4992K, reserved 1048576K
}
Event: 12.100 GC heap before
{Heap before GC invocations=13 (full 2):
 PSYoungGen      total 139264K, used 126976K [0x00000000e0000000, 0x00000000ebd00000, 0x0000000100000000)
  eden space 126976K, 100% used [0x00000000e0000000,0x00000000e7c00000,0x00000000e7c00000)
  from space 12288K, 0% used [0x00000000e8900000,0x00000000e8900000,0x00000000e9500000)
  to   space 13312K, 0% used [0x00000000e7c00000,0x00000000e7c00000,0x00000000e8900000)
 ParOldGen       total 57856K, used 16686K [0x00000000a0000000, 0x00000000a3880000, 0x00000000e0000000)
  object space 57856K, 28% used [0x00000000a0000000,0x00000000a104bb08,0x00000000a3880000)
 Metaspace       used 46482K, capacity 47502K, committed 47744K, reserved 1091584K
  class space    used 6236K, capacity 6514K, committed 6528K, reserved 1048576K
Event: 12.126 GC heap after
Heap after GC invocations=13 (full 2):
 PSYoungGen      total 140288K, used 13308K [0x00000000e0000000, 0x00000000eba80000, 0x0000000100000000)
  eden space 126976K, 0% used [0x00000000e0000000,0x00000000e0000000,0x00000000e7c00000)
  from space 13312K, 99% used [0x00000000e7c00000,0x00000000e88ff028,0x00000000e8900000)
  to   space 16384K, 0% used [0x00000000eaa80000,0x00000000eaa80000,0x00000000eba80000)
 ParOldGen       total 57856K, used 19777K [0x00000000a0000000, 0x00000000a3880000, 0x00000000e0000000)
  object space 57856K, 34% used [0x00000000a0000000,0x00000000a1350538,0x00000000a3880000)
 Metaspace       used 46482K, capacity 47502K, committed 47744K, reserved 1091584K
  class space    used 6236K, capacity 6514K, committed 6528K, reserved 1048576K
}
Event: 19.885 GC heap before
{Heap before GC invocations=14 (full 2):
 PSYoungGen      total 140288K, used 140284K [0x00000000e0000000, 0x00000000eba80000, 0x0000000100000000)
  eden space 126976K, 100% used [0x00000000e0000000,0x00000000e7c00000,0x00000000e7c00000)
  from space 13312K, 99% used [0x00000000e7c00000,0x00000000e88ff028,0x00000000e8900000)
  to   space 16384K, 0% used [0x00000000eaa80000,0x00000000eaa80000,0x00000000eba80000)
 ParOldGen       total 57856K, used 19777K [0x00000000a0000000, 0x00000000a3880000, 0x00000000e0000000)
  object space 57856K, 34% used [0x00000000a0000000,0x00000000a1350538,0x00000000a3880000)
 Metaspace       used 54062K, capacity 55672K, committed 55936K, reserved 1097728K
  class space    used 7314K, capacity 7705K, committed 7808K, reserved 1048576K
Event: 19.943 GC heap after
Heap after GC invocations=14 (full 2):
 PSYoungGen      total 171520K, used 13391K [0x00000000e0000000, 0x00000000eba00000, 0x0000000100000000)
  eden space 155648K, 0% used [0x00000000e0000000,0x00000000e0000000,0x00000000e9800000)
  from space 15872K, 84% used [0x00000000eaa80000,0x00000000eb793d68,0x00000000eba00000)
  to   space 17408K, 0% used [0x00000000e9800000,0x00000000e9800000,0x00000000ea900000)
 ParOldGen       total 57856K, used 27223K [0x00000000a0000000, 0x00000000a3880000, 0x00000000e0000000)
  object space 57856K, 47% used [0x00000000a0000000,0x00000000a1a95dd0,0x00000000a3880000)
 Metaspace       used 54062K, capacity 55672K, committed 55936K, reserved 1097728K
  class space    used 7314K, capacity 7705K, committed 7808K, reserved 1048576K
}
Event: 23.040 GC heap before
{Heap before GC invocations=15 (full 2):
 PSYoungGen      total 171520K, used 57080K [0x00000000e0000000, 0x00000000eba00000, 0x0000000100000000)
  eden space 155648K, 28% used [0x00000000e0000000,0x00000000e2aaa640,0x00000000e9800000)
  from space 15872K, 84% used [0x00000000eaa80000,0x00000000eb793d68,0x00000000eba00000)
  to   space 17408K, 0% used [0x00000000e9800000,0x00000000e9800000,0x00000000ea900000)
 ParOldGen       total 57856K, used 27223K [0x00000000a0000000, 0x00000000a3880000, 0x00000000e0000000)
  object space 57856K, 47% used [0x00000000a0000000,0x00000000a1a95dd0,0x00000000a3880000)
 Metaspace       used 57502K, capacity 59032K, committed 59096K, reserved 1099776K
  class space    used 7779K, capacity 8184K, committed 8192K, reserved 1048576K
Event: 23.077 GC heap after
Heap after GC invocations=15 (full 2):
 PSYoungGen      total 173056K, used 11311K [0x00000000e0000000, 0x00000000edc80000, 0x0000000100000000)
  eden space 155648K, 0% used [0x00000000e0000000,0x00000000e0000000,0x00000000e9800000)
  from space 17408K, 64% used [0x00000000e9800000,0x00000000ea30bd00,0x00000000ea900000)
  to   space 17920K, 0% used [0x00000000ecb00000,0x00000000ecb00000,0x00000000edc80000)
 ParOldGen       total 57856K, used 27295K [0x00000000a0000000, 0x00000000a3880000, 0x00000000e0000000)
  object space 57856K, 47% used [0x00000000a0000000,0x00000000a1aa7de0,0x00000000a3880000)
 Metaspace       used 57502K, capacity 59032K, committed 59096K, reserved 1099776K
  class space    used 7779K, capacity 8184K, committed 8192K, reserved 1048576K
}
Event: 23.077 GC heap before
{Heap before GC invocations=16 (full 3):
 PSYoungGen      total 173056K, used 11311K [0x00000000e0000000, 0x00000000edc80000, 0x0000000100000000)
  eden space 155648K, 0% used [0x00000000e0000000,0x00000000e0000000,0x00000000e9800000)
  from space 17408K, 64% used [0x00000000e9800000,0x00000000ea30bd00,0x00000000ea900000)
  to   space 17920K, 0% used [0x00000000ecb00000,0x00000000ecb00000,0x00000000edc80000)
 ParOldGen       total 57856K, used 27295K [0x00000000a0000000, 0x00000000a3880000, 0x00000000e0000000)
  object space 57856K, 47% used [0x00000000a0000000,0x00000000a1aa7de0,0x00000000a3880000)
 Metaspace       used 57502K, capacity 59032K, committed 59096K, reserved 1099776K
  class space    used 7779K, capacity 8184K, committed 8192K, reserved 1048576K
Event: 24.053 GC heap after
Heap after GC invocations=16 (full 3):
 PSYoungGen      total 173056K, used 0K [0x00000000e0000000, 0x00000000edc80000, 0x0000000100000000)
  eden space 155648K, 0% used [0x00000000e0000000,0x00000000e0000000,0x00000000e9800000)
  from space 17408K, 0% used [0x00000000e9800000,0x00000000e9800000,0x00000000ea900000)
  to   space 17920K, 0% used [0x00000000ecb00000,0x00000000ecb00000,0x00000000edc80000)
 ParOldGen       total 94720K, used 34257K [0x00000000a0000000, 0x00000000a5c80000, 0x00000000e0000000)
  object space 94720K, 36% used [0x00000000a0000000,0x00000000a21745f0,0x00000000a5c80000)
 Metaspace       used 57502K, capacity 59032K, committed 59096K, reserved 1099776K
  class space    used 7779K, capacity 8184K, committed 8192K, reserved 1048576K
}

