# JRE version: OpenJDK Runtime Environment (8.0_202-b03) (build 1.8.0_202-release-1483-b03)
# Java VM: OpenJDK 64-Bit Server VM (25.202-b03 mixed mode windows-amd64 compressed oops)
Heap:
 PSYoungGen      total 374272K, used 115947K [0x00000000e0000000, 0x00000000f9b00000, 0x0000000100000000)
  eden space 330752K, 25% used [0x00000000e0000000,0x00000000e5261d80,0x00000000f4300000)
  from space 43520K, 72% used [0x00000000f7080000,0x00000000f8f590c8,0x00000000f9b00000)
  to   space 45056K, 0% used [0x00000000f4300000,0x00000000f4300000,0x00000000f6f00000)
 ParOldGen       total 94720K, used 92404K [0x00000000a0000000, 0x00000000a5c80000, 0x00000000e0000000)
  object space 94720K, 97% used [0x00000000a0000000,0x00000000a5a3d0e0,0x00000000a5c80000)
 Metaspace       used 104478K, capacity 110066K, committed 110400K, reserved 1144832K
  class space    used 13626K, capacity 14653K, committed 14720K, reserved 1048576K
GC Heap History (10 events):
Event: 1722.588 GC heap before
{Heap before GC invocations=25 (full 4):
 PSYoungGen      total 299008K, used 28405K [0x00000000e0000000, 0x00000000f9e00000, 0x0000000100000000)
  eden space 252928K, 0% used [0x00000000e0000000,0x00000000e0000000,0x00000000ef700000)
  from space 46080K, 61% used [0x00000000ef700000,0x00000000f12bd498,0x00000000f2400000)
  to   space 46592K, 0% used [0x00000000f7080000,0x00000000f7080000,0x00000000f9e00000)
 ParOldGen       total 89600K, used 72432K [0x00000000a0000000, 0x00000000a5780000, 0x00000000e0000000)
  object space 89600K, 80% used [0x00000000a0000000,0x00000000a46bc3e0,0x00000000a5780000)
 Metaspace       used 93996K, capacity 98440K, committed 98496K, reserved 1134592K
  class space    used 12440K, capacity 13291K, committed 13312K, reserved 1048576K
Event: 1723.517 GC heap after
Heap after GC invocations=25 (full 4):
 PSYoungGen      total 299008K, used 0K [0x00000000e0000000, 0x00000000f9e00000, 0x0000000100000000)
  eden space 252928K, 0% used [0x00000000e0000000,0x00000000e0000000,0x00000000ef700000)
  from space 46080K, 0% used [0x00000000ef700000,0x00000000ef700000,0x00000000f2400000)
  to   space 46592K, 0% used [0x00000000f7080000,0x00000000f7080000,0x00000000f9e00000)
 ParOldGen       total 89600K, used 75808K [0x00000000a0000000, 0x00000000a5780000, 0x00000000e0000000)
  object space 89600K, 84% used [0x00000000a0000000,0x00000000a4a083f0,0x00000000a5780000)
 Metaspace       used 93804K, capacity 98014K, committed 98496K, reserved 1134592K
  class space    used 12391K, capacity 13204K, committed 13312K, reserved 1048576K
}
Event: 1852.026 GC heap before
{Heap before GC invocations=26 (full 4):
 PSYoungGen      total 299008K, used 252928K [0x00000000e0000000, 0x00000000f9e00000, 0x0000000100000000)
  eden space 252928K, 100% used [0x00000000e0000000,0x00000000ef700000,0x00000000ef700000)
  from space 46080K, 0% used [0x00000000ef700000,0x00000000ef700000,0x00000000f2400000)
  to   space 46592K, 0% used [0x00000000f7080000,0x00000000f7080000,0x00000000f9e00000)
 ParOldGen       total 89600K, used 75808K [0x00000000a0000000, 0x00000000a5780000, 0x00000000e0000000)
  object space 89600K, 84% used [0x00000000a0000000,0x00000000a4a083f0,0x00000000a5780000)
 Metaspace       used 97678K, capacity 103002K, committed 103232K, reserved 1138688K
  class space    used 12892K, capacity 13867K, committed 13952K, reserved 1048576K
Event: 1852.059 GC heap after
Heap after GC invocations=26 (full 4):
 PSYoungGen      total 374272K, used 14927K [0x00000000e0000000, 0x00000000f9b00000, 0x0000000100000000)
  eden space 330752K, 0% used [0x00000000e0000000,0x00000000e0000000,0x00000000f4300000)
  from space 43520K, 34% used [0x00000000f7080000,0x00000000f7f13ed0,0x00000000f9b00000)
  to   space 45056K, 0% used [0x00000000f4300000,0x00000000f4300000,0x00000000f6f00000)
 ParOldGen       total 89600K, used 75816K [0x00000000a0000000, 0x00000000a5780000, 0x00000000e0000000)
  object space 89600K, 84% used [0x00000000a0000000,0x00000000a4a0a3f0,0x00000000a5780000)
 Metaspace       used 97678K, capacity 103002K, committed 103232K, reserved 1138688K
  class space    used 12892K, capacity 13867K, committed 13952K, reserved 1048576K
}
Event: 1968.458 GC heap before
{Heap before GC invocations=27 (full 4):
 PSYoungGen      total 374272K, used 345679K [0x00000000e0000000, 0x00000000f9b00000, 0x0000000100000000)
  eden space 330752K, 100% used [0x00000000e0000000,0x00000000f4300000,0x00000000f4300000)
  from space 43520K, 34% used [0x00000000f7080000,0x00000000f7f13ed0,0x00000000f9b00000)
  to   space 45056K, 0% used [0x00000000f4300000,0x00000000f4300000,0x00000000f6f00000)
 ParOldGen       total 89600K, used 75816K [0x00000000a0000000, 0x00000000a5780000, 0x00000000e0000000)
  object space 89600K, 84% used [0x00000000a0000000,0x00000000a4a0a3f0,0x00000000a5780000)
 Metaspace       used 98717K, capacity 104408K, committed 104640K, reserved 1140736K
  class space    used 13001K, capacity 14048K, committed 14080K, reserved 1048576K
Event: 1968.537 GC heap after
Heap after GC invocations=27 (full 4):
 PSYoungGen      total 375808K, used 14289K [0x00000000e0000000, 0x00000000f9b00000, 0x0000000100000000)
  eden space 330752K, 0% used [0x00000000e0000000,0x00000000e0000000,0x00000000f4300000)
  from space 45056K, 31% used [0x00000000f4300000,0x00000000f50f4568,0x00000000f6f00000)
  to   space 43520K, 0% used [0x00000000f7080000,0x00000000f7080000,0x00000000f9b00000)
 ParOldGen       total 89600K, used 75824K [0x00000000a0000000, 0x00000000a5780000, 0x00000000e0000000)
  object space 89600K, 84% used [0x00000000a0000000,0x00000000a4a0c3f0,0x00000000a5780000)
 Metaspace       used 98717K, capacity 104408K, committed 104640K, reserved 1140736K
  class space    used 13001K, capacity 14048K, committed 14080K, reserved 1048576K
}
Event: 1984.618 GC heap before
{Heap before GC invocations=28 (full 4):
 PSYoungGen      total 375808K, used 344182K [0x00000000e0000000, 0x00000000f9b00000, 0x0000000100000000)
  eden space 330752K, 99% used [0x00000000e0000000,0x00000000f42292f0,0x00000000f4300000)
  from space 45056K, 31% used [0x00000000f4300000,0x00000000f50f4568,0x00000000f6f00000)
  to   space 43520K, 0% used [0x00000000f7080000,0x00000000f7080000,0x00000000f9b00000)
 ParOldGen       total 89600K, used 75824K [0x00000000a0000000, 0x00000000a5780000, 0x00000000e0000000)
  object space 89600K, 84% used [0x00000000a0000000,0x00000000a4a0c3f0,0x00000000a5780000)
 Metaspace       used 104462K, capacity 110148K, committed 110400K, reserved 1144832K
  class space    used 13637K, capacity 14702K, committed 14720K, reserved 1048576K
Event: 1984.700 GC heap after
Heap after GC invocations=28 (full 4):
 PSYoungGen      total 374272K, used 43515K [0x00000000e0000000, 0x00000000f9b00000, 0x0000000100000000)
  eden space 330752K, 0% used [0x00000000e0000000,0x00000000e0000000,0x00000000f4300000)
  from space 43520K, 99% used [0x00000000f7080000,0x00000000f9afec18,0x00000000f9b00000)
  to   space 45056K, 0% used [0x00000000f4300000,0x00000000f4300000,0x00000000f6f00000)
 ParOldGen       total 94720K, used 94698K [0x00000000a0000000, 0x00000000a5c80000, 0x00000000e0000000)
  object space 94720K, 99% used [0x00000000a0000000,0x00000000a5c7aa18,0x00000000a5c80000)
 Metaspace       used 104462K, capacity 110148K, committed 110400K, reserved 1144832K
  class space    used 13637K, capacity 14702K, committed 14720K, reserved 1048576K
}
Event: 1984.700 GC heap before
{Heap before GC invocations=29 (full 5):
 PSYoungGen      total 374272K, used 43515K [0x00000000e0000000, 0x00000000f9b00000, 0x0000000100000000)
  eden space 330752K, 0% used [0x00000000e0000000,0x00000000e0000000,0x00000000f4300000)
  from space 43520K, 99% used [0x00000000f7080000,0x00000000f9afec18,0x00000000f9b00000)
  to   space 45056K, 0% used [0x00000000f4300000,0x00000000f4300000,0x00000000f6f00000)
 ParOldGen       total 94720K, used 94698K [0x00000000a0000000, 0x00000000a5c80000, 0x00000000e0000000)
  object space 94720K, 99% used [0x00000000a0000000,0x00000000a5c7aa18,0x00000000a5c80000)
 Metaspace       used 104462K, capacity 110148K, committed 110400K, reserved 1144832K
  class space    used 13637K, capacity 14702K, committed 14720K, reserved 1048576K
Event: 1986.509 GC heap after
Heap after GC invocations=29 (full 5):
 PSYoungGen      total 374272K, used 31588K [0x00000000e0000000, 0x00000000f9b00000, 0x0000000100000000)
  eden space 330752K, 0% used [0x00000000e0000000,0x00000000e0000000,0x00000000f4300000)
  from space 43520K, 72% used [0x00000000f7080000,0x00000000f8f590c8,0x00000000f9b00000)
  to   space 45056K, 0% used [0x00000000f4300000,0x00000000f4300000,0x00000000f6f00000)
 ParOldGen       total 94720K, used 92404K [0x00000000a0000000, 0x00000000a5c80000, 0x00000000e0000000)
  object space 94720K, 97% used [0x00000000a0000000,0x00000000a5a3d0e0,0x00000000a5c80000)
 Metaspace       used 104391K, capacity 109928K, committed 110400K, reserved 1144832K
  class space    used 13619K, capacity 14652K, committed 14720K, reserved 1048576K
}

