# JRE version: OpenJDK Runtime Environment (8.0_202-b03) (build 1.8.0_202-release-1483-b03)
# Java VM: OpenJDK 64-Bit Server VM (25.202-b03 mixed mode windows-amd64 compressed oops)
Heap:
 PSYoungGen      total 72192K, used 12662K [0x00000000eaf00000, 0x00000000f1780000, 0x0000000100000000)
  eden space 64000K, 19% used [0x00000000eaf00000,0x00000000ebb5da30,0x00000000eed80000)
  from space 8192K, 0% used [0x00000000eed80000,0x00000000eed80000,0x00000000ef580000)
  to   space 13824K, 0% used [0x00000000f0a00000,0x00000000f0a00000,0x00000000f1780000)
 ParOldGen       total 63488K, used 18484K [0x00000000c0c00000, 0x00000000c4a00000, 0x00000000eaf00000)
  object space 63488K, 29% used [0x00000000c0c00000,0x00000000c1e0d020,0x00000000c4a00000)
 Metaspace       used 36696K, capacity 37276K, committed 37544K, reserved 1085440K
  class space    used 4659K, capacity 4798K, committed 4864K, reserved 1048576K
GC Heap History (10 events):
Event: 5.055 GC heap before
{Heap before GC invocations=8 (full 1):
 PSYoungGen      total 53248K, used 52922K [0x00000000eaf00000, 0x00000000efd80000, 0x0000000100000000)
  eden space 46080K, 100% used [0x00000000eaf00000,0x00000000edc00000,0x00000000edc00000)
  from space 7168K, 95% used [0x00000000ef680000,0x00000000efd2ea50,0x00000000efd80000)
  to   space 8192K, 0% used [0x00000000eed80000,0x00000000eed80000,0x00000000ef580000)
 ParOldGen       total 43008K, used 11356K [0x00000000c0c00000, 0x00000000c3600000, 0x00000000eaf00000)
  object space 43008K, 26% used [0x00000000c0c00000,0x00000000c17173f8,0x00000000c3600000)
 Metaspace       used 30537K, capacity 31018K, committed 31232K, reserved 1077248K
  class space    used 3903K, capacity 4060K, committed 4096K, reserved 1048576K
Event: 5.582 GC heap after
Heap after GC invocations=8 (full 1):
 PSYoungGen      total 72192K, used 8190K [0x00000000eaf00000, 0x00000000f1780000, 0x0000000100000000)
  eden space 64000K, 0% used [0x00000000eaf00000,0x00000000eaf00000,0x00000000eed80000)
  from space 8192K, 99% used [0x00000000eed80000,0x00000000ef57fb08,0x00000000ef580000)
  to   space 13824K, 0% used [0x00000000f0a00000,0x00000000f0a00000,0x00000000f1780000)
 ParOldGen       total 43008K, used 20545K [0x00000000c0c00000, 0x00000000c3600000, 0x00000000eaf00000)
  object space 43008K, 47% used [0x00000000c0c00000,0x00000000c2010528,0x00000000c3600000)
 Metaspace       used 30537K, capacity 31018K, committed 31232K, reserved 1077248K
  class space    used 3903K, capacity 4060K, committed 4096K, reserved 1048576K
}
Event: 6.635 GC heap before
{Heap before GC invocations=9 (full 1):
 PSYoungGen      total 72192K, used 28481K [0x00000000eaf00000, 0x00000000f1780000, 0x0000000100000000)
  eden space 64000K, 31% used [0x00000000eaf00000,0x00000000ec2d0bb0,0x00000000eed80000)
  from space 8192K, 99% used [0x00000000eed80000,0x00000000ef57fb08,0x00000000ef580000)
  to   space 13824K, 0% used [0x00000000f0a00000,0x00000000f0a00000,0x00000000f1780000)
 ParOldGen       total 43008K, used 20545K [0x00000000c0c00000, 0x00000000c3600000, 0x00000000eaf00000)
  object space 43008K, 47% used [0x00000000c0c00000,0x00000000c2010528,0x00000000c3600000)
 Metaspace       used 34910K, capacity 35416K, committed 35496K, reserved 1081344K
  class space    used 4455K, capacity 4604K, committed 4608K, reserved 1048576K
Event: 6.682 GC heap after
Heap after GC invocations=9 (full 1):
 PSYoungGen      total 77824K, used 13749K [0x00000000eaf00000, 0x00000000f1780000, 0x0000000100000000)
  eden space 64000K, 0% used [0x00000000eaf00000,0x00000000eaf00000,0x00000000eed80000)
  from space 13824K, 99% used [0x00000000f0a00000,0x00000000f176d790,0x00000000f1780000)
  to   space 8192K, 0% used [0x00000000eed80000,0x00000000eed80000,0x00000000ef580000)
 ParOldGen       total 43008K, used 20553K [0x00000000c0c00000, 0x00000000c3600000, 0x00000000eaf00000)
  object space 43008K, 47% used [0x00000000c0c00000,0x00000000c2012528,0x00000000c3600000)
 Metaspace       used 34910K, capacity 35416K, committed 35496K, reserved 1081344K
  class space    used 4455K, capacity 4604K, committed 4608K, reserved 1048576K
}
Event: 6.682 GC heap before
{Heap before GC invocations=10 (full 2):
 PSYoungGen      total 77824K, used 13749K [0x00000000eaf00000, 0x00000000f1780000, 0x0000000100000000)
  eden space 64000K, 0% used [0x00000000eaf00000,0x00000000eaf00000,0x00000000eed80000)
  from space 13824K, 99% used [0x00000000f0a00000,0x00000000f176d790,0x00000000f1780000)
  to   space 8192K, 0% used [0x00000000eed80000,0x00000000eed80000,0x00000000ef580000)
 ParOldGen       total 43008K, used 20553K [0x00000000c0c00000, 0x00000000c3600000, 0x00000000eaf00000)
  object space 43008K, 47% used [0x00000000c0c00000,0x00000000c2012528,0x00000000c3600000)
 Metaspace       used 34910K, capacity 35416K, committed 35496K, reserved 1081344K
  class space    used 4455K, capacity 4604K, committed 4608K, reserved 1048576K
Event: 6.849 GC heap after
Heap after GC invocations=10 (full 2):
 PSYoungGen      total 77824K, used 0K [0x00000000eaf00000, 0x00000000f1780000, 0x0000000100000000)
  eden space 64000K, 0% used [0x00000000eaf00000,0x00000000eaf00000,0x00000000eed80000)
  from space 13824K, 0% used [0x00000000f0a00000,0x00000000f0a00000,0x00000000f1780000)
  to   space 8192K, 0% used [0x00000000eed80000,0x00000000eed80000,0x00000000ef580000)
 ParOldGen       total 63488K, used 19394K [0x00000000c0c00000, 0x00000000c4a00000, 0x00000000eaf00000)
  object space 63488K, 30% used [0x00000000c0c00000,0x00000000c1ef0890,0x00000000c4a00000)
 Metaspace       used 34910K, capacity 35416K, committed 35496K, reserved 1081344K
  class space    used 4455K, capacity 4604K, committed 4608K, reserved 1048576K
}
Event: 7.244 GC heap before
{Heap before GC invocations=11 (full 2):
 PSYoungGen      total 77824K, used 11537K [0x00000000eaf00000, 0x00000000f1780000, 0x0000000100000000)
  eden space 64000K, 18% used [0x00000000eaf00000,0x00000000eba446f0,0x00000000eed80000)
  from space 13824K, 0% used [0x00000000f0a00000,0x00000000f0a00000,0x00000000f1780000)
  to   space 8192K, 0% used [0x00000000eed80000,0x00000000eed80000,0x00000000ef580000)
 ParOldGen       total 63488K, used 19394K [0x00000000c0c00000, 0x00000000c4a00000, 0x00000000eaf00000)
  object space 63488K, 30% used [0x00000000c0c00000,0x00000000c1ef0890,0x00000000c4a00000)
 Metaspace       used 36385K, capacity 36892K, committed 37032K, reserved 1085440K
  class space    used 4634K, capacity 4798K, committed 4864K, reserved 1048576K
Event: 7.254 GC heap after
Heap after GC invocations=11 (full 2):
 PSYoungGen      total 72192K, used 2842K [0x00000000eaf00000, 0x00000000f1780000, 0x0000000100000000)
  eden space 64000K, 0% used [0x00000000eaf00000,0x00000000eaf00000,0x00000000eed80000)
  from space 8192K, 34% used [0x00000000eed80000,0x00000000ef0469c0,0x00000000ef580000)
  to   space 13824K, 0% used [0x00000000f0a00000,0x00000000f0a00000,0x00000000f1780000)
 ParOldGen       total 63488K, used 19402K [0x00000000c0c00000, 0x00000000c4a00000, 0x00000000eaf00000)
  object space 63488K, 30% used [0x00000000c0c00000,0x00000000c1ef2890,0x00000000c4a00000)
 Metaspace       used 36385K, capacity 36892K, committed 37032K, reserved 1085440K
  class space    used 4634K, capacity 4798K, committed 4864K, reserved 1048576K
}
Event: 7.254 GC heap before
{Heap before GC invocations=12 (full 3):
 PSYoungGen      total 72192K, used 2842K [0x00000000eaf00000, 0x00000000f1780000, 0x0000000100000000)
  eden space 64000K, 0% used [0x00000000eaf00000,0x00000000eaf00000,0x00000000eed80000)
  from space 8192K, 34% used [0x00000000eed80000,0x00000000ef0469c0,0x00000000ef580000)
  to   space 13824K, 0% used [0x00000000f0a00000,0x00000000f0a00000,0x00000000f1780000)
 ParOldGen       total 63488K, used 19402K [0x00000000c0c00000, 0x00000000c4a00000, 0x00000000eaf00000)
  object space 63488K, 30% used [0x00000000c0c00000,0x00000000c1ef2890,0x00000000c4a00000)
 Metaspace       used 36385K, capacity 36892K, committed 37032K, reserved 1085440K
  class space    used 4634K, capacity 4798K, committed 4864K, reserved 1048576K
Event: 7.486 GC heap after
Heap after GC invocations=12 (full 3):
 PSYoungGen      total 72192K, used 0K [0x00000000eaf00000, 0x00000000f1780000, 0x0000000100000000)
  eden space 64000K, 0% used [0x00000000eaf00000,0x00000000eaf00000,0x00000000eed80000)
  from space 8192K, 0% used [0x00000000eed80000,0x00000000eed80000,0x00000000ef580000)
  to   space 13824K, 0% used [0x00000000f0a00000,0x00000000f0a00000,0x00000000f1780000)
 ParOldGen       total 63488K, used 18484K [0x00000000c0c00000, 0x00000000c4a00000, 0x00000000eaf00000)
  object space 63488K, 29% used [0x00000000c0c00000,0x00000000c1e0d020,0x00000000c4a00000)
 Metaspace       used 36385K, capacity 36892K, committed 37032K, reserved 1083392K
  class space    used 4634K, capacity 4798K, committed 4864K, reserved 1048576K
}

