# JRE version: OpenJDK Runtime Environment (8.0_202-b03) (build 1.8.0_202-release-1483-b03)
# Java VM: OpenJDK 64-Bit Server VM (25.202-b03 mixed mode windows-amd64 compressed oops)
Heap:
 PSYoungGen      total 398848K, used 302883K [0x00000000e0000000, 0x00000000fad00000, 0x0000000100000000)
  eden space 366592K, 73% used [0x00000000e0000000,0x00000000f08506e0,0x00000000f6600000)
  from space 32256K, 99% used [0x00000000f6600000,0x00000000f8578850,0x00000000f8580000)
  to   space 27648K, 0% used [0x00000000f8580000,0x00000000f8580000,0x00000000fa080000)
 ParOldGen       total 86016K, used 64057K [0x00000000a0000000, 0x00000000a5400000, 0x00000000e0000000)
  object space 86016K, 74% used [0x00000000a0000000,0x00000000a3e8e748,0x00000000a5400000)
 Metaspace       used 92481K, capacity 96026K, committed 96344K, reserved 1132544K
  class space    used 12065K, capacity 12795K, committed 12888K, reserved 1048576K
GC Heap History (10 events):
Event: 23.585 GC heap before
{Heap before GC invocations=12 (full 2):
 PSYoungGen      total 231424K, used 111300K [0x00000000e0000000, 0x00000000f4a00000, 0x0000000100000000)
  eden space 218112K, 44% used [0x00000000e0000000,0x00000000e5fb1b10,0x00000000ed500000)
  from space 13312K, 99% used [0x00000000ed500000,0x00000000ee1ff770,0x00000000ee200000)
  to   space 20992K, 0% used [0x00000000f3580000,0x00000000f3580000,0x00000000f4a00000)
 ParOldGen       total 51712K, used 29343K [0x00000000a0000000, 0x00000000a3280000, 0x00000000e0000000)
  object space 51712K, 56% used [0x00000000a0000000,0x00000000a1ca7d90,0x00000000a3280000)
 Metaspace       used 57444K, capacity 58994K, committed 59028K, reserved 1099776K
  class space    used 7742K, capacity 8140K, committed 8152K, reserved 1048576K
Event: 23.942 GC heap after
Heap after GC invocations=12 (full 2):
 PSYoungGen      total 312832K, used 20967K [0x00000000e0000000, 0x00000000f5e80000, 0x0000000100000000)
  eden space 291840K, 0% used [0x00000000e0000000,0x00000000e0000000,0x00000000f1d00000)
  from space 20992K, 99% used [0x00000000f3580000,0x00000000f49f9e98,0x00000000f4a00000)
  to   space 25088K, 0% used [0x00000000f1d00000,0x00000000f1d00000,0x00000000f3580000)
 ParOldGen       total 51712K, used 32199K [0x00000000a0000000, 0x00000000a3280000, 0x00000000e0000000)
  object space 51712K, 62% used [0x00000000a0000000,0x00000000a1f71dd8,0x00000000a3280000)
 Metaspace       used 57444K, capacity 58994K, committed 59028K, reserved 1099776K
  class space    used 7742K, capacity 8140K, committed 8152K, reserved 1048576K
}
Event: 23.942 GC heap before
{Heap before GC invocations=13 (full 3):
 PSYoungGen      total 312832K, used 20967K [0x00000000e0000000, 0x00000000f5e80000, 0x0000000100000000)
  eden space 291840K, 0% used [0x00000000e0000000,0x00000000e0000000,0x00000000f1d00000)
  from space 20992K, 99% used [0x00000000f3580000,0x00000000f49f9e98,0x00000000f4a00000)
  to   space 25088K, 0% used [0x00000000f1d00000,0x00000000f1d00000,0x00000000f3580000)
 ParOldGen       total 51712K, used 32199K [0x00000000a0000000, 0x00000000a3280000, 0x00000000e0000000)
  object space 51712K, 62% used [0x00000000a0000000,0x00000000a1f71dd8,0x00000000a3280000)
 Metaspace       used 57444K, capacity 58994K, committed 59028K, reserved 1099776K
  class space    used 7742K, capacity 8140K, committed 8152K, reserved 1048576K
Event: 24.953 GC heap after
Heap after GC invocations=13 (full 3):
 PSYoungGen      total 312832K, used 0K [0x00000000e0000000, 0x00000000f5e80000, 0x0000000100000000)
  eden space 291840K, 0% used [0x00000000e0000000,0x00000000e0000000,0x00000000f1d00000)
  from space 20992K, 0% used [0x00000000f3580000,0x00000000f3580000,0x00000000f4a00000)
  to   space 25088K, 0% used [0x00000000f1d00000,0x00000000f1d00000,0x00000000f3580000)
 ParOldGen       total 86016K, used 38539K [0x00000000a0000000, 0x00000000a5400000, 0x00000000e0000000)
  object space 86016K, 44% used [0x00000000a0000000,0x00000000a25a2ff0,0x00000000a5400000)
 Metaspace       used 57431K, capacity 58952K, committed 59028K, reserved 1099776K
  class space    used 7738K, capacity 8133K, committed 8152K, reserved 1048576K
}
Event: 2916.249 GC heap before
{Heap before GC invocations=14 (full 3):
 PSYoungGen      total 312832K, used 291840K [0x00000000e0000000, 0x00000000f5e80000, 0x0000000100000000)
  eden space 291840K, 100% used [0x00000000e0000000,0x00000000f1d00000,0x00000000f1d00000)
  from space 20992K, 0% used [0x00000000f3580000,0x00000000f3580000,0x00000000f4a00000)
  to   space 25088K, 0% used [0x00000000f1d00000,0x00000000f1d00000,0x00000000f3580000)
 ParOldGen       total 86016K, used 38539K [0x00000000a0000000, 0x00000000a5400000, 0x00000000e0000000)
  object space 86016K, 44% used [0x00000000a0000000,0x00000000a25a2ff0,0x00000000a5400000)
 Metaspace       used 69038K, capacity 71120K, committed 71512K, reserved 1112064K
  class space    used 8982K, capacity 9454K, committed 9560K, reserved 1048576K
Event: 2916.970 GC heap after
Heap after GC invocations=14 (full 3):
 PSYoungGen      total 316928K, used 21634K [0x00000000e0000000, 0x00000000fa080000, 0x0000000100000000)
  eden space 291840K, 0% used [0x00000000e0000000,0x00000000e0000000,0x00000000f1d00000)
  from space 25088K, 86% used [0x00000000f1d00000,0x00000000f3220b00,0x00000000f3580000)
  to   space 27648K, 0% used [0x00000000f8580000,0x00000000f8580000,0x00000000fa080000)
 ParOldGen       total 86016K, used 38547K [0x00000000a0000000, 0x00000000a5400000, 0x00000000e0000000)
  object space 86016K, 44% used [0x00000000a0000000,0x00000000a25a4ff0,0x00000000a5400000)
 Metaspace       used 69038K, capacity 71120K, committed 71512K, reserved 1112064K
  class space    used 8982K, capacity 9454K, committed 9560K, reserved 1048576K
}
Event: 2928.654 GC heap before
{Heap before GC invocations=15 (full 3):
 PSYoungGen      total 316928K, used 313474K [0x00000000e0000000, 0x00000000fa080000, 0x0000000100000000)
  eden space 291840K, 100% used [0x00000000e0000000,0x00000000f1d00000,0x00000000f1d00000)
  from space 25088K, 86% used [0x00000000f1d00000,0x00000000f3220b00,0x00000000f3580000)
  to   space 27648K, 0% used [0x00000000f8580000,0x00000000f8580000,0x00000000fa080000)
 ParOldGen       total 86016K, used 38547K [0x00000000a0000000, 0x00000000a5400000, 0x00000000e0000000)
  object space 86016K, 44% used [0x00000000a0000000,0x00000000a25a4ff0,0x00000000a5400000)
 Metaspace       used 73941K, capacity 76236K, committed 76504K, reserved 1116160K
  class space    used 9596K, capacity 10086K, committed 10200K, reserved 1048576K
Event: 2929.267 GC heap after
Heap after GC invocations=15 (full 3):
 PSYoungGen      total 394240K, used 27629K [0x00000000e0000000, 0x00000000fad00000, 0x0000000100000000)
  eden space 366592K, 0% used [0x00000000e0000000,0x00000000e0000000,0x00000000f6600000)
  from space 27648K, 99% used [0x00000000f8580000,0x00000000fa07b440,0x00000000fa080000)
  to   space 32256K, 0% used [0x00000000f6600000,0x00000000f6600000,0x00000000f8580000)
 ParOldGen       total 86016K, used 38814K [0x00000000a0000000, 0x00000000a5400000, 0x00000000e0000000)
  object space 86016K, 45% used [0x00000000a0000000,0x00000000a25e7b58,0x00000000a5400000)
 Metaspace       used 73941K, capacity 76236K, committed 76504K, reserved 1116160K
  class space    used 9596K, capacity 10086K, committed 10200K, reserved 1048576K
}
Event: 2959.902 GC heap before
{Heap before GC invocations=16 (full 3):
 PSYoungGen      total 394240K, used 394221K [0x00000000e0000000, 0x00000000fad00000, 0x0000000100000000)
  eden space 366592K, 100% used [0x00000000e0000000,0x00000000f6600000,0x00000000f6600000)
  from space 27648K, 99% used [0x00000000f8580000,0x00000000fa07b440,0x00000000fa080000)
  to   space 32256K, 0% used [0x00000000f6600000,0x00000000f6600000,0x00000000f8580000)
 ParOldGen       total 86016K, used 38814K [0x00000000a0000000, 0x00000000a5400000, 0x00000000e0000000)
  object space 86016K, 45% used [0x00000000a0000000,0x00000000a25e7b58,0x00000000a5400000)
 Metaspace       used 90152K, capacity 93608K, committed 93912K, reserved 1130496K
  class space    used 11907K, capacity 12652K, committed 12760K, reserved 1048576K
Event: 2960.549 GC heap after
Heap after GC invocations=16 (full 3):
 PSYoungGen      total 398848K, used 32226K [0x00000000e0000000, 0x00000000fad00000, 0x0000000100000000)
  eden space 366592K, 0% used [0x00000000e0000000,0x00000000e0000000,0x00000000f6600000)
  from space 32256K, 99% used [0x00000000f6600000,0x00000000f8578850,0x00000000f8580000)
  to   space 27648K, 0% used [0x00000000f8580000,0x00000000f8580000,0x00000000fa080000)
 ParOldGen       total 86016K, used 64057K [0x00000000a0000000, 0x00000000a5400000, 0x00000000e0000000)
  object space 86016K, 74% used [0x00000000a0000000,0x00000000a3e8e748,0x00000000a5400000)
 Metaspace       used 90152K, capacity 93608K, committed 93912K, reserved 1130496K
  class space    used 11907K, capacity 12652K, committed 12760K, reserved 1048576K
}

