# JRE version: OpenJDK Runtime Environment (8.0_202-b03) (build 1.8.0_202-release-1483-b03)
# Java VM: OpenJDK 64-Bit Server VM (25.202-b03 mixed mode windows-amd64 compressed oops)
Heap:
 PSYoungGen      total 449024K, used 84024K [0x00000000e0000000, 0x00000000ffe00000, 0x0000000100000000)
  eden space 379904K, 22% used [0x00000000e0000000,0x00000000e51fe0d0,0x00000000f7300000)
  from space 69120K, 0% used [0x00000000fba80000,0x00000000fba90000,0x00000000ffe00000)
  to   space 71168K, 0% used [0x00000000f7300000,0x00000000f7300000,0x00000000fb880000)
 ParOldGen       total 271360K, used 215501K [0x00000000a0000000, 0x00000000b0900000, 0x00000000e0000000)
  object space 271360K, 79% used [0x00000000a0000000,0x00000000ad273568,0x00000000b0900000)
 Metaspace       used 81295K, capacity 84660K, committed 84888K, reserved 1122304K
  class space    used 10920K, capacity 11622K, committed 11688K, reserved 1048576K
GC Heap History (10 events):
Event: 52.418 GC heap before
{Heap before GC invocations=27 (full 4):
 PSYoungGen      total 307200K, used 296636K [0x00000000e0000000, 0x00000000f7b80000, 0x0000000100000000)
  eden space 251392K, 100% used [0x00000000e0000000,0x00000000ef580000,0x00000000ef580000)
  from space 55808K, 81% used [0x00000000f3180000,0x00000000f5daf358,0x00000000f6800000)
  to   space 61440K, 0% used [0x00000000ef580000,0x00000000ef580000,0x00000000f3180000)
 ParOldGen       total 199680K, used 137244K [0x00000000a0000000, 0x00000000ac300000, 0x00000000e0000000)
  object space 199680K, 68% used [0x00000000a0000000,0x00000000a8607238,0x00000000ac300000)
 Metaspace       used 80287K, capacity 83408K, committed 83736K, reserved 1122304K
  class space    used 10803K, capacity 11490K, committed 11560K, reserved 1048576K
Event: 53.076 GC heap after
Heap after GC invocations=27 (full 4):
 PSYoungGen      total 312832K, used 60120K [0x00000000e0000000, 0x00000000fd980000, 0x0000000100000000)
  eden space 251392K, 0% used [0x00000000e0000000,0x00000000e0000000,0x00000000ef580000)
  from space 61440K, 97% used [0x00000000ef580000,0x00000000f30362e8,0x00000000f3180000)
  to   space 71168K, 0% used [0x00000000f9400000,0x00000000f9400000,0x00000000fd980000)
 ParOldGen       total 199680K, used 176788K [0x00000000a0000000, 0x00000000ac300000, 0x00000000e0000000)
  object space 199680K, 88% used [0x00000000a0000000,0x00000000aaca53c0,0x00000000ac300000)
 Metaspace       used 80287K, capacity 83408K, committed 83736K, reserved 1122304K
  class space    used 10803K, capacity 11490K, committed 11560K, reserved 1048576K
}
Event: 53.076 GC heap before
{Heap before GC invocations=28 (full 5):
 PSYoungGen      total 312832K, used 60120K [0x00000000e0000000, 0x00000000fd980000, 0x0000000100000000)
  eden space 251392K, 0% used [0x00000000e0000000,0x00000000e0000000,0x00000000ef580000)
  from space 61440K, 97% used [0x00000000ef580000,0x00000000f30362e8,0x00000000f3180000)
  to   space 71168K, 0% used [0x00000000f9400000,0x00000000f9400000,0x00000000fd980000)
 ParOldGen       total 199680K, used 176788K [0x00000000a0000000, 0x00000000ac300000, 0x00000000e0000000)
  object space 199680K, 88% used [0x00000000a0000000,0x00000000aaca53c0,0x00000000ac300000)
 Metaspace       used 80287K, capacity 83408K, committed 83736K, reserved 1122304K
  class space    used 10803K, capacity 11490K, committed 11560K, reserved 1048576K
Event: 53.846 GC heap after
Heap after GC invocations=28 (full 5):
 PSYoungGen      total 312832K, used 0K [0x00000000e0000000, 0x00000000fd980000, 0x0000000100000000)
  eden space 251392K, 0% used [0x00000000e0000000,0x00000000e0000000,0x00000000ef580000)
  from space 61440K, 0% used [0x00000000ef580000,0x00000000ef580000,0x00000000f3180000)
  to   space 71168K, 0% used [0x00000000f9400000,0x00000000f9400000,0x00000000fd980000)
 ParOldGen       total 271360K, used 171869K [0x00000000a0000000, 0x00000000b0900000, 0x00000000e0000000)
  object space 271360K, 63% used [0x00000000a0000000,0x00000000aa7d7428,0x00000000b0900000)
 Metaspace       used 80285K, capacity 83402K, committed 83736K, reserved 1122304K
  class space    used 10803K, capacity 11489K, committed 11560K, reserved 1048576K
}
Event: 55.358 GC heap before
{Heap before GC invocations=29 (full 5):
 PSYoungGen      total 312832K, used 251392K [0x00000000e0000000, 0x00000000fd980000, 0x0000000100000000)
  eden space 251392K, 100% used [0x00000000e0000000,0x00000000ef580000,0x00000000ef580000)
  from space 61440K, 0% used [0x00000000ef580000,0x00000000ef580000,0x00000000f3180000)
  to   space 71168K, 0% used [0x00000000f9400000,0x00000000f9400000,0x00000000fd980000)
 ParOldGen       total 271360K, used 171869K [0x00000000a0000000, 0x00000000b0900000, 0x00000000e0000000)
  object space 271360K, 63% used [0x00000000a0000000,0x00000000aa7d7428,0x00000000b0900000)
 Metaspace       used 80368K, capacity 83548K, committed 83736K, reserved 1122304K
  class space    used 10813K, capacity 11492K, committed 11560K, reserved 1048576K
Event: 55.447 GC heap after
Heap after GC invocations=29 (full 5):
 PSYoungGen      total 395264K, used 43477K [0x00000000e0000000, 0x00000000fd280000, 0x0000000100000000)
  eden space 331264K, 0% used [0x00000000e0000000,0x00000000e0000000,0x00000000f4380000)
  from space 64000K, 67% used [0x00000000f9400000,0x00000000fbe75508,0x00000000fd280000)
  to   space 73216K, 0% used [0x00000000f4380000,0x00000000f4380000,0x00000000f8b00000)
 ParOldGen       total 271360K, used 171877K [0x00000000a0000000, 0x00000000b0900000, 0x00000000e0000000)
  object space 271360K, 63% used [0x00000000a0000000,0x00000000aa7d9428,0x00000000b0900000)
 Metaspace       used 80368K, capacity 83548K, committed 83736K, reserved 1122304K
  class space    used 10813K, capacity 11492K, committed 11560K, reserved 1048576K
}
Event: 56.823 GC heap before
{Heap before GC invocations=30 (full 5):
 PSYoungGen      total 395264K, used 374741K [0x00000000e0000000, 0x00000000fd280000, 0x0000000100000000)
  eden space 331264K, 100% used [0x00000000e0000000,0x00000000f4380000,0x00000000f4380000)
  from space 64000K, 67% used [0x00000000f9400000,0x00000000fbe75508,0x00000000fd280000)
  to   space 73216K, 0% used [0x00000000f4380000,0x00000000f4380000,0x00000000f8b00000)
 ParOldGen       total 271360K, used 171877K [0x00000000a0000000, 0x00000000b0900000, 0x00000000e0000000)
  object space 271360K, 63% used [0x00000000a0000000,0x00000000aa7d9428,0x00000000b0900000)
 Metaspace       used 81099K, capacity 84402K, committed 84632K, reserved 1122304K
  class space    used 10897K, capacity 11583K, committed 11688K, reserved 1048576K
Event: 56.898 GC heap after
Heap after GC invocations=30 (full 5):
 PSYoungGen      total 404480K, used 13781K [0x00000000e0000000, 0x0000000100000000, 0x0000000100000000)
  eden space 331264K, 0% used [0x00000000e0000000,0x00000000e0000000,0x00000000f4380000)
  from space 73216K, 18% used [0x00000000f4380000,0x00000000f50f5528,0x00000000f8b00000)
  to   space 71168K, 0% used [0x00000000fba80000,0x00000000fba80000,0x0000000100000000)
 ParOldGen       total 271360K, used 204058K [0x00000000a0000000, 0x00000000b0900000, 0x00000000e0000000)
  object space 271360K, 75% used [0x00000000a0000000,0x00000000ac746bd8,0x00000000b0900000)
 Metaspace       used 81099K, capacity 84402K, committed 84632K, reserved 1122304K
  class space    used 10897K, capacity 11583K, committed 11688K, reserved 1048576K
}
Event: 57.222 GC heap before
{Heap before GC invocations=31 (full 5):
 PSYoungGen      total 404480K, used 345045K [0x00000000e0000000, 0x0000000100000000, 0x0000000100000000)
  eden space 331264K, 100% used [0x00000000e0000000,0x00000000f4380000,0x00000000f4380000)
  from space 73216K, 18% used [0x00000000f4380000,0x00000000f50f5528,0x00000000f8b00000)
  to   space 71168K, 0% used [0x00000000fba80000,0x00000000fba80000,0x0000000100000000)
 ParOldGen       total 271360K, used 204058K [0x00000000a0000000, 0x00000000b0900000, 0x00000000e0000000)
  object space 271360K, 75% used [0x00000000a0000000,0x00000000ac746bd8,0x00000000b0900000)
 Metaspace       used 81099K, capacity 84402K, committed 84632K, reserved 1122304K
  class space    used 10897K, capacity 11583K, committed 11688K, reserved 1048576K
Event: 57.247 GC heap after
Heap after GC invocations=31 (full 5):
 PSYoungGen      total 449024K, used 64K [0x00000000e0000000, 0x00000000ffe00000, 0x0000000100000000)
  eden space 379904K, 0% used [0x00000000e0000000,0x00000000e0000000,0x00000000f7300000)
  from space 69120K, 0% used [0x00000000fba80000,0x00000000fba90000,0x00000000ffe00000)
  to   space 71168K, 0% used [0x00000000f7300000,0x00000000f7300000,0x00000000fb880000)
 ParOldGen       total 271360K, used 215501K [0x00000000a0000000, 0x00000000b0900000, 0x00000000e0000000)
  object space 271360K, 79% used [0x00000000a0000000,0x00000000ad273568,0x00000000b0900000)
 Metaspace       used 81099K, capacity 84402K, committed 84632K, reserved 1122304K
  class space    used 10897K, capacity 11583K, committed 11688K, reserved 1048576K
}

