# JRE version: OpenJDK Runtime Environment (8.0_202-b03) (build 1.8.0_202-release-1483-b03)
# Java VM: OpenJDK 64-Bit Server VM (25.202-b03 mixed mode windows-amd64 compressed oops)
Heap:
 PSYoungGen      total 365568K, used 243196K [0x00000000e0000000, 0x00000000f8900000, 0x0000000100000000)
  eden space 335872K, 72% used [0x00000000e0000000,0x00000000eed7f070,0x00000000f4800000)
  from space 29696K, 0% used [0x00000000f6380000,0x00000000f6380000,0x00000000f8080000)
  to   space 28160K, 0% used [0x00000000f4800000,0x00000000f4800000,0x00000000f6380000)
 ParOldGen       total 117760K, used 68652K [0x00000000a0000000, 0x00000000a7300000, 0x00000000e0000000)
  object space 117760K, 58% used [0x00000000a0000000,0x00000000a430b090,0x00000000a7300000)
 Metaspace       used 80978K, capacity 84002K, committed 84696K, reserved 1122304K
  class space    used 10954K, capacity 11575K, committed 11776K, reserved 1048576K
GC Heap History (10 events):
Event: 21.180 GC heap before
{Heap before GC invocations=16 (full 3):
 PSYoungGen      total 196608K, used 3929K [0x00000000e0000000, 0x00000000f2380000, 0x0000000100000000)
  eden space 179200K, 0% used [0x00000000e0000000,0x00000000e0000000,0x00000000eaf00000)
  from space 17408K, 22% used [0x00000000eaf00000,0x00000000eb2d6450,0x00000000ec000000)
  to   space 16896K, 0% used [0x00000000f1300000,0x00000000f1300000,0x00000000f2380000)
 ParOldGen       total 36352K, used 35232K [0x00000000a0000000, 0x00000000a2380000, 0x00000000e0000000)
  object space 36352K, 96% used [0x00000000a0000000,0x00000000a2268298,0x00000000a2380000)
 Metaspace       used 57273K, capacity 58880K, committed 59096K, reserved 1099776K
  class space    used 7743K, capacity 8162K, committed 8192K, reserved 1048576K
Event: 21.570 GC heap after
Heap after GC invocations=16 (full 3):
 PSYoungGen      total 196608K, used 0K [0x00000000e0000000, 0x00000000f2380000, 0x0000000100000000)
  eden space 179200K, 0% used [0x00000000e0000000,0x00000000e0000000,0x00000000eaf00000)
  from space 17408K, 0% used [0x00000000eaf00000,0x00000000eaf00000,0x00000000ec000000)
  to   space 16896K, 0% used [0x00000000f1300000,0x00000000f1300000,0x00000000f2380000)
 ParOldGen       total 67584K, used 33123K [0x00000000a0000000, 0x00000000a4200000, 0x00000000e0000000)
  object space 67584K, 49% used [0x00000000a0000000,0x00000000a2058f98,0x00000000a4200000)
 Metaspace       used 57273K, capacity 58880K, committed 59096K, reserved 1099776K
  class space    used 7743K, capacity 8162K, committed 8192K, reserved 1048576K
}
Event: 26.411 GC heap before
{Heap before GC invocations=17 (full 3):
 PSYoungGen      total 196608K, used 179200K [0x00000000e0000000, 0x00000000f2380000, 0x0000000100000000)
  eden space 179200K, 100% used [0x00000000e0000000,0x00000000eaf00000,0x00000000eaf00000)
  from space 17408K, 0% used [0x00000000eaf00000,0x00000000eaf00000,0x00000000ec000000)
  to   space 16896K, 0% used [0x00000000f1300000,0x00000000f1300000,0x00000000f2380000)
 ParOldGen       total 67584K, used 33123K [0x00000000a0000000, 0x00000000a4200000, 0x00000000e0000000)
  object space 67584K, 49% used [0x00000000a0000000,0x00000000a2058f98,0x00000000a4200000)
 Metaspace       used 65367K, capacity 67390K, committed 67672K, reserved 1107968K
  class space    used 8790K, capacity 9271K, committed 9344K, reserved 1048576K
Event: 26.440 GC heap after
Heap after GC invocations=17 (full 3):
 PSYoungGen      total 265216K, used 16867K [0x00000000e0000000, 0x00000000f2380000, 0x0000000100000000)
  eden space 248320K, 0% used [0x00000000e0000000,0x00000000e0000000,0x00000000ef280000)
  from space 16896K, 99% used [0x00000000f1300000,0x00000000f2378ee8,0x00000000f2380000)
  to   space 19456K, 0% used [0x00000000efd80000,0x00000000efd80000,0x00000000f1080000)
 ParOldGen       total 67584K, used 33664K [0x00000000a0000000, 0x00000000a4200000, 0x00000000e0000000)
  object space 67584K, 49% used [0x00000000a0000000,0x00000000a20e01d0,0x00000000a4200000)
 Metaspace       used 65367K, capacity 67390K, committed 67672K, reserved 1107968K
  class space    used 8790K, capacity 9271K, committed 9344K, reserved 1048576K
}
Event: 52.608 GC heap before
{Heap before GC invocations=18 (full 3):
 PSYoungGen      total 265216K, used 265187K [0x00000000e0000000, 0x00000000f2380000, 0x0000000100000000)
  eden space 248320K, 100% used [0x00000000e0000000,0x00000000ef280000,0x00000000ef280000)
  from space 16896K, 99% used [0x00000000f1300000,0x00000000f2378ee8,0x00000000f2380000)
  to   space 19456K, 0% used [0x00000000efd80000,0x00000000efd80000,0x00000000f1080000)
 ParOldGen       total 67584K, used 33664K [0x00000000a0000000, 0x00000000a4200000, 0x00000000e0000000)
  object space 67584K, 49% used [0x00000000a0000000,0x00000000a20e01d0,0x00000000a4200000)
 Metaspace       used 77529K, capacity 80694K, committed 80984K, reserved 1118208K
  class space    used 10675K, capacity 11327K, committed 11392K, reserved 1048576K
Event: 52.666 GC heap after
Heap after GC invocations=18 (full 3):
 PSYoungGen      total 279040K, used 19449K [0x00000000e0000000, 0x00000000f8080000, 0x0000000100000000)
  eden space 259584K, 0% used [0x00000000e0000000,0x00000000e0000000,0x00000000efd80000)
  from space 19456K, 99% used [0x00000000efd80000,0x00000000f107e538,0x00000000f1080000)
  to   space 29696K, 0% used [0x00000000f6380000,0x00000000f6380000,0x00000000f8080000)
 ParOldGen       total 67584K, used 52499K [0x00000000a0000000, 0x00000000a4200000, 0x00000000e0000000)
  object space 67584K, 77% used [0x00000000a0000000,0x00000000a3344d78,0x00000000a4200000)
 Metaspace       used 77529K, capacity 80694K, committed 80984K, reserved 1118208K
  class space    used 10675K, capacity 11327K, committed 11392K, reserved 1048576K
}
Event: 55.309 GC heap before
{Heap before GC invocations=19 (full 3):
 PSYoungGen      total 279040K, used 279033K [0x00000000e0000000, 0x00000000f8080000, 0x0000000100000000)
  eden space 259584K, 100% used [0x00000000e0000000,0x00000000efd80000,0x00000000efd80000)
  from space 19456K, 99% used [0x00000000efd80000,0x00000000f107e538,0x00000000f1080000)
  to   space 29696K, 0% used [0x00000000f6380000,0x00000000f6380000,0x00000000f8080000)
 ParOldGen       total 67584K, used 52499K [0x00000000a0000000, 0x00000000a4200000, 0x00000000e0000000)
  object space 67584K, 77% used [0x00000000a0000000,0x00000000a3344d78,0x00000000a4200000)
 Metaspace       used 80854K, capacity 84200K, committed 84440K, reserved 1122304K
  class space    used 11021K, capacity 11696K, committed 11776K, reserved 1048576K
Event: 55.392 GC heap after
Heap after GC invocations=19 (full 3):
 PSYoungGen      total 365568K, used 9304K [0x00000000e0000000, 0x00000000f8900000, 0x0000000100000000)
  eden space 335872K, 0% used [0x00000000e0000000,0x00000000e0000000,0x00000000f4800000)
  from space 29696K, 31% used [0x00000000f6380000,0x00000000f6c963e0,0x00000000f8080000)
  to   space 28160K, 0% used [0x00000000f4800000,0x00000000f4800000,0x00000000f6380000)
 ParOldGen       total 69120K, used 68842K [0x00000000a0000000, 0x00000000a4380000, 0x00000000e0000000)
  object space 69120K, 99% used [0x00000000a0000000,0x00000000a433ab48,0x00000000a4380000)
 Metaspace       used 80854K, capacity 84200K, committed 84440K, reserved 1122304K
  class space    used 11021K, capacity 11696K, committed 11776K, reserved 1048576K
}
Event: 55.392 GC heap before
{Heap before GC invocations=20 (full 4):
 PSYoungGen      total 365568K, used 9304K [0x00000000e0000000, 0x00000000f8900000, 0x0000000100000000)
  eden space 335872K, 0% used [0x00000000e0000000,0x00000000e0000000,0x00000000f4800000)
  from space 29696K, 31% used [0x00000000f6380000,0x00000000f6c963e0,0x00000000f8080000)
  to   space 28160K, 0% used [0x00000000f4800000,0x00000000f4800000,0x00000000f6380000)
 ParOldGen       total 69120K, used 68842K [0x00000000a0000000, 0x00000000a4380000, 0x00000000e0000000)
  object space 69120K, 99% used [0x00000000a0000000,0x00000000a433ab48,0x00000000a4380000)
 Metaspace       used 80854K, capacity 84200K, committed 84440K, reserved 1122304K
  class space    used 11021K, capacity 11696K, committed 11776K, reserved 1048576K
Event: 55.705 GC heap after
Heap after GC invocations=20 (full 4):
 PSYoungGen      total 365568K, used 0K [0x00000000e0000000, 0x00000000f8900000, 0x0000000100000000)
  eden space 335872K, 0% used [0x00000000e0000000,0x00000000e0000000,0x00000000f4800000)
  from space 29696K, 0% used [0x00000000f6380000,0x00000000f6380000,0x00000000f8080000)
  to   space 28160K, 0% used [0x00000000f4800000,0x00000000f4800000,0x00000000f6380000)
 ParOldGen       total 117760K, used 68652K [0x00000000a0000000, 0x00000000a7300000, 0x00000000e0000000)
  object space 117760K, 58% used [0x00000000a0000000,0x00000000a430b090,0x00000000a7300000)
 Metaspace       used 80646K, capacity 83606K, committed 84440K, reserved 1122304K
  class space    used 10951K, capacity 11571K, committed 11776K, reserved 1048576K
}

